<?xml version="1.0" encoding="UTF-8"?>
<!-- Generated by org.testng.reporters.JUnitReportReporter -->
<testsuite hostname="SVG" failures="0" tests="4" name="Tests.LoginPageTest" time="28.450" errors="0" timestamp="2022-12-03T08:50:34 IST" skipped="1">
  <testcase classname="Tests.LoginPageTest" name="multipleLoginTest" time="11.140">
    <skipped/>
  </testcase> <!-- multipleLoginTest -->
  <system-out/>
  <testcase classname="Tests.LoginPageTest" name="loginPageTitleTest" time="5.674"/>
  <system-out/>
  <testcase classname="Tests.LoginPageTest" name="faceBookLogoImageTest" time="10.826"/>
  <system-out/>
  <testcase classname="Tests.LoginPageTest" name="loginTest" time="0.810"/>
  <system-out/>
</testsuite> <!-- Tests.LoginPageTest -->
